<?xml version="1.0" encoding="UTF-8"?>
<robot generated="20170710 20:16:54.605" generator="Robot 3.0.2 (Python 2.7.13 on win32)">
<suite source="C:\Users\vivek.jha\workspace\Robot-Script\robot\testsuites" id="s1" name="Testsuites">
<suite source="C:\Users\vivek.jha\workspace\Robot-Script\robot\testsuites\Smoke_TestSuite.robot" id="s1-s1" name="Smoke TestSuite">
<test id="s1-s1-t1" name="Login section verification">
<kw name="Login To EE Portal" library="login_page">
<arguments>
<arg>jmeterprac1@mailinator.com</arg>
<arg>Test@1234</arg>
<arg>CHROME</arg>
</arguments>
<kw name="Open Browser Session" library="base_ui_keywords">
<arguments>
<arg>${ee_portal_url}</arg>
<arg>${browser1}</arg>
</arguments>
<kw name="Open Browser" library="Selenium2Library">
<doc>Opens a new browser instance to given URL.</doc>
<arguments>
<arg>${url}</arg>
<arg>${browser}</arg>
</arguments>
<msg timestamp="20170710 20:16:54.861" level="INFO">Opening browser 'CHROME' to base url 'https://stage-ares.emersonecologics.com/'</msg>
<status status="PASS" endtime="20170710 20:17:29.243" starttime="20170710 20:16:54.860"></status>
</kw>
<kw name="Set Browser Implicit Wait" library="Selenium2Library">
<doc>Sets current browser's implicit wait in seconds.</doc>
<arguments>
<arg>${implicit_wait_sec}</arg>
</arguments>
<status status="PASS" endtime="20170710 20:17:29.246" starttime="20170710 20:17:29.244"></status>
</kw>
<kw name="Maximize Browser Window" library="Selenium2Library">
<doc>Maximizes current browser window.</doc>
<status status="PASS" endtime="20170710 20:17:30.437" starttime="20170710 20:17:29.247"></status>
</kw>
<status status="PASS" endtime="20170710 20:17:30.437" starttime="20170710 20:16:54.860"></status>
</kw>
<kw name="Set Browser Implicit Wait" library="Selenium2Library">
<doc>Sets current browser's implicit wait in seconds.</doc>
<arguments>
<arg>10</arg>
</arguments>
<status status="PASS" endtime="20170710 20:17:30.459" starttime="20170710 20:17:30.437"></status>
</kw>
<kw name="Enter EE Portal Credentials" library="login_page">
<arguments>
<arg>${ee_username1}</arg>
<arg>${ee_password1}</arg>
</arguments>
<kw name="Click Element" library="Selenium2Library">
<doc>Click element identified by `locator`.</doc>
<arguments>
<arg>xpath=//*[@id="hero-fma-area"]/div/ul/li[1]/div[3]/div/div[2]/div[1]/a</arg>
</arguments>
<msg timestamp="20170710 20:17:30.468" level="INFO">Clicking element 'xpath=//*[@id="hero-fma-area"]/div/ul/li[1]/div[3]/div/div[2]/div[1]/a'.</msg>
<kw name="Capture Page Screenshot" library="Selenium2Library">
<doc>Takes a screenshot of the current page and embeds it into the log.</doc>
<msg timestamp="20170710 20:17:31.201" html="yes" level="INFO">&lt;/td&gt;&lt;/tr&gt;&lt;tr&gt;&lt;td colspan="3"&gt;&lt;a href="selenium-screenshot-1.png"&gt;&lt;img src="selenium-screenshot-1.png" width="800px"&gt;&lt;/a&gt;</msg>
<status status="PASS" endtime="20170710 20:17:31.202" starttime="20170710 20:17:30.720"></status>
</kw>
<msg timestamp="20170710 20:17:31.204" level="FAIL">WebDriverException: Message: unknown error: Element &lt;a class="md-raised md-primary md-button md-ink-ripple" ng-transclude="" ng-href="/auth/ares" aria-label="LOG IN" target="_self" href="/auth/ares"&gt;...&lt;/a&gt; is not clickable at point (813, 605). Other element would receive the click: &lt;span class="ng-binding ng-scope"&gt;...&lt;/span&gt;
  (Session info: chrome=59.0.3071.115)
  (Driver info: chromedriver=2.29.461591 (62ebf098771772160f391d75e589dc567915b233),platform=Windows NT 6.3.9600 x86_64)
</msg>
<status status="FAIL" endtime="20170710 20:17:31.204" starttime="20170710 20:17:30.461"></status>
</kw>
<status status="FAIL" endtime="20170710 20:17:31.204" starttime="20170710 20:17:30.460"></status>
</kw>
<status status="FAIL" endtime="20170710 20:17:31.204" starttime="20170710 20:16:54.859"></status>
</kw>
<tags>
<tag>UI</tag>
</tags>
<status status="FAIL" endtime="20170710 20:17:31.204" critical="yes" starttime="20170710 20:16:54.858">WebDriverException: Message: unknown error: Element &lt;a class="md-raised md-primary md-button md-ink-ripple" ng-transclude="" ng-href="/auth/ares" aria-label="LOG IN" target="_self" href="/auth/ares"&gt;...&lt;/a&gt; is not clickable at point (813, 605). Other element would receive the click: &lt;span class="ng-binding ng-scope"&gt;...&lt;/span&gt;
  (Session info: chrome=59.0.3071.115)
  (Driver info: chromedriver=2.29.461591 (62ebf098771772160f391d75e589dc567915b233),platform=Windows NT 6.3.9600 x86_64)
</status>
</test>
<doc>Suite for testing Patient Portal [Profile page]</doc>
<status status="FAIL" endtime="20170710 20:17:31.205" starttime="20170710 20:16:54.636"></status>
</suite>
<suite source="C:\Users\vivek.jha\workspace\Robot-Script\robot\testsuites\Smoke_TestSuite1 - Copy (10).txt" id="s1-s2" name="Smoke TestSuite1 - Copy (10)">
<test id="s1-s2-t1" name="Login section verification">
<kw name="Login To EE Portal" library="login_page">
<arguments>
<arg>jmeterprac13@mailinator.com</arg>
<arg>Test@1234</arg>
<arg>ff</arg>
</arguments>
<kw name="Open Browser Session" library="base_ui_keywords">
<arguments>
<arg>${ee_portal_url}</arg>
<arg>${browser1}</arg>
</arguments>
<kw name="Open Browser" library="Selenium2Library">
<doc>Opens a new browser instance to given URL.</doc>
<arguments>
<arg>${url}</arg>
<arg>${browser}</arg>
</arguments>
<msg timestamp="20170710 20:17:31.223" level="INFO">Opening browser 'ff' to base url 'https://stage-ares.emersonecologics.com/'</msg>
<kw name="Capture Page Screenshot" library="Selenium2Library">
<doc>Takes a screenshot of the current page and embeds it into the log.</doc>
<msg timestamp="20170710 20:17:33.736" html="yes" level="INFO">&lt;/td&gt;&lt;/tr&gt;&lt;tr&gt;&lt;td colspan="3"&gt;&lt;a href="selenium-screenshot-2.png"&gt;&lt;img src="selenium-screenshot-2.png" width="800px"&gt;&lt;/a&gt;</msg>
<status status="PASS" endtime="20170710 20:17:33.737" starttime="20170710 20:17:33.312"></status>
</kw>
<msg timestamp="20170710 20:17:33.738" level="FAIL">WebDriverException: Message: Expected browser binary location, but unable to find binary in default location, no 'moz:firefoxOptions.binary' capability provided, and no binary flag set on the command line
</msg>
<status status="FAIL" endtime="20170710 20:17:33.738" starttime="20170710 20:17:31.223"></status>
</kw>
<status status="FAIL" endtime="20170710 20:17:33.744" starttime="20170710 20:17:31.223"></status>
</kw>
<status status="FAIL" endtime="20170710 20:17:33.744" starttime="20170710 20:17:31.222"></status>
</kw>
<tags>
<tag>UI</tag>
</tags>
<status status="FAIL" endtime="20170710 20:17:33.745" critical="yes" starttime="20170710 20:17:31.222">WebDriverException: Message: Expected browser binary location, but unable to find binary in default location, no 'moz:firefoxOptions.binary' capability provided, and no binary flag set on the command line
</status>
</test>
<doc>Suite for testing Patient Portal [Profile page]</doc>
<status status="FAIL" endtime="20170710 20:17:33.745" starttime="20170710 20:17:31.207"></status>
</suite>
<suite source="C:\Users\vivek.jha\workspace\Robot-Script\robot\testsuites\Smoke_TestSuite1 - Copy (2).txt" id="s1-s3" name="Smoke TestSuite1 - Copy (2)">
<test id="s1-s3-t1" name="Login section verification">
<kw name="Login To EE Portal" library="login_page">
<arguments>
<arg>jmeterprac2@mailinator.com</arg>
<arg>Test@1234</arg>
<arg>ff</arg>
</arguments>
<kw name="Open Browser Session" library="base_ui_keywords">
<arguments>
<arg>${ee_portal_url}</arg>
<arg>${browser1}</arg>
</arguments>
<kw name="Open Browser" library="Selenium2Library">
<doc>Opens a new browser instance to given URL.</doc>
<arguments>
<arg>${url}</arg>
<arg>${browser}</arg>
</arguments>
<msg timestamp="20170710 20:17:33.764" level="INFO">Opening browser 'ff' to base url 'https://stage-ares.emersonecologics.com/'</msg>
<kw name="Capture Page Screenshot" library="Selenium2Library">
<doc>Takes a screenshot of the current page and embeds it into the log.</doc>
<msg timestamp="20170710 20:17:36.246" html="yes" level="INFO">&lt;/td&gt;&lt;/tr&gt;&lt;tr&gt;&lt;td colspan="3"&gt;&lt;a href="selenium-screenshot-3.png"&gt;&lt;img src="selenium-screenshot-3.png" width="800px"&gt;&lt;/a&gt;</msg>
<status status="PASS" endtime="20170710 20:17:36.246" starttime="20170710 20:17:35.834"></status>
</kw>
<msg timestamp="20170710 20:17:36.247" level="FAIL">WebDriverException: Message: Expected browser binary location, but unable to find binary in default location, no 'moz:firefoxOptions.binary' capability provided, and no binary flag set on the command line
</msg>
<status status="FAIL" endtime="20170710 20:17:36.247" starttime="20170710 20:17:33.763"></status>
</kw>
<status status="FAIL" endtime="20170710 20:17:36.255" starttime="20170710 20:17:33.763"></status>
</kw>
<status status="FAIL" endtime="20170710 20:17:36.255" starttime="20170710 20:17:33.762"></status>
</kw>
<tags>
<tag>UI</tag>
</tags>
<status status="FAIL" endtime="20170710 20:17:36.255" critical="yes" starttime="20170710 20:17:33.762">WebDriverException: Message: Expected browser binary location, but unable to find binary in default location, no 'moz:firefoxOptions.binary' capability provided, and no binary flag set on the command line
</status>
</test>
<doc>Suite for testing Patient Portal [Profile page]</doc>
<status status="FAIL" endtime="20170710 20:17:36.256" starttime="20170710 20:17:33.747"></status>
</suite>
<suite source="C:\Users\vivek.jha\workspace\Robot-Script\robot\testsuites\Smoke_TestSuite1 - Copy (3).txt" id="s1-s4" name="Smoke TestSuite1 - Copy (3)">
<test id="s1-s4-t1" name="Login section verification">
<kw name="Login To EE Portal" library="login_page">
<arguments>
<arg>jmeterprac3@mailinator.com</arg>
<arg>Test@1234</arg>
<arg>ff</arg>
</arguments>
<kw name="Open Browser Session" library="base_ui_keywords">
<arguments>
<arg>${ee_portal_url}</arg>
<arg>${browser1}</arg>
</arguments>
<kw name="Open Browser" library="Selenium2Library">
<doc>Opens a new browser instance to given URL.</doc>
<arguments>
<arg>${url}</arg>
<arg>${browser}</arg>
</arguments>
<msg timestamp="20170710 20:17:36.286" level="INFO">Opening browser 'ff' to base url 'https://stage-ares.emersonecologics.com/'</msg>
<kw name="Capture Page Screenshot" library="Selenium2Library">
<doc>Takes a screenshot of the current page and embeds it into the log.</doc>
<msg timestamp="20170710 20:17:38.809" html="yes" level="INFO">&lt;/td&gt;&lt;/tr&gt;&lt;tr&gt;&lt;td colspan="3"&gt;&lt;a href="selenium-screenshot-4.png"&gt;&lt;img src="selenium-screenshot-4.png" width="800px"&gt;&lt;/a&gt;</msg>
<status status="PASS" endtime="20170710 20:17:38.809" starttime="20170710 20:17:38.349"></status>
</kw>
<msg timestamp="20170710 20:17:38.811" level="FAIL">WebDriverException: Message: Expected browser binary location, but unable to find binary in default location, no 'moz:firefoxOptions.binary' capability provided, and no binary flag set on the command line
</msg>
<status status="FAIL" endtime="20170710 20:17:38.811" starttime="20170710 20:17:36.286"></status>
</kw>
<status status="FAIL" endtime="20170710 20:17:38.819" starttime="20170710 20:17:36.285"></status>
</kw>
<status status="FAIL" endtime="20170710 20:17:38.819" starttime="20170710 20:17:36.285"></status>
</kw>
<tags>
<tag>UI</tag>
</tags>
<status status="FAIL" endtime="20170710 20:17:38.819" critical="yes" starttime="20170710 20:17:36.284">WebDriverException: Message: Expected browser binary location, but unable to find binary in default location, no 'moz:firefoxOptions.binary' capability provided, and no binary flag set on the command line
</status>
</test>
<doc>Suite for testing Patient Portal [Profile page]</doc>
<status status="FAIL" endtime="20170710 20:17:38.820" starttime="20170710 20:17:36.257"></status>
</suite>
<suite source="C:\Users\vivek.jha\workspace\Robot-Script\robot\testsuites\Smoke_TestSuite1 - Copy (4).txt" id="s1-s5" name="Smoke TestSuite1 - Copy (4)">
<test id="s1-s5-t1" name="Login section verification">
<kw name="Login To EE Portal" library="login_page">
<arguments>
<arg>jmeterprac5@mailinator.com</arg>
<arg>Test@1234</arg>
<arg>ff</arg>
</arguments>
<kw name="Open Browser Session" library="base_ui_keywords">
<arguments>
<arg>${ee_portal_url}</arg>
<arg>${browser1}</arg>
</arguments>
<kw name="Open Browser" library="Selenium2Library">
<doc>Opens a new browser instance to given URL.</doc>
<arguments>
<arg>${url}</arg>
<arg>${browser}</arg>
</arguments>
<msg timestamp="20170710 20:17:38.850" level="INFO">Opening browser 'ff' to base url 'https://stage-ares.emersonecologics.com/'</msg>
<kw name="Capture Page Screenshot" library="Selenium2Library">
<doc>Takes a screenshot of the current page and embeds it into the log.</doc>
<msg timestamp="20170710 20:17:41.529" html="yes" level="INFO">&lt;/td&gt;&lt;/tr&gt;&lt;tr&gt;&lt;td colspan="3"&gt;&lt;a href="selenium-screenshot-5.png"&gt;&lt;img src="selenium-screenshot-5.png" width="800px"&gt;&lt;/a&gt;</msg>
<status status="PASS" endtime="20170710 20:17:41.529" starttime="20170710 20:17:40.922"></status>
</kw>
<msg timestamp="20170710 20:17:41.530" level="FAIL">WebDriverException: Message: Expected browser binary location, but unable to find binary in default location, no 'moz:firefoxOptions.binary' capability provided, and no binary flag set on the command line
</msg>
<status status="FAIL" endtime="20170710 20:17:41.531" starttime="20170710 20:17:38.849"></status>
</kw>
<status status="FAIL" endtime="20170710 20:17:41.537" starttime="20170710 20:17:38.848"></status>
</kw>
<status status="FAIL" endtime="20170710 20:17:41.537" starttime="20170710 20:17:38.847"></status>
</kw>
<tags>
<tag>UI</tag>
</tags>
<status status="FAIL" endtime="20170710 20:17:41.538" critical="yes" starttime="20170710 20:17:38.846">WebDriverException: Message: Expected browser binary location, but unable to find binary in default location, no 'moz:firefoxOptions.binary' capability provided, and no binary flag set on the command line
</status>
</test>
<doc>Suite for testing Patient Portal [Profile page]</doc>
<status status="FAIL" endtime="20170710 20:17:41.538" starttime="20170710 20:17:38.822"></status>
</suite>
<suite source="C:\Users\vivek.jha\workspace\Robot-Script\robot\testsuites\Smoke_TestSuite1 - Copy (5).txt" id="s1-s6" name="Smoke TestSuite1 - Copy (5)">
<test id="s1-s6-t1" name="Login section verification">
<kw name="Login To EE Portal" library="login_page">
<arguments>
<arg>jmeterprac6@mailinator.com</arg>
<arg>Test@1234</arg>
<arg>ff</arg>
</arguments>
<kw name="Open Browser Session" library="base_ui_keywords">
<arguments>
<arg>${ee_portal_url}</arg>
<arg>${browser1}</arg>
</arguments>
<kw name="Open Browser" library="Selenium2Library">
<doc>Opens a new browser instance to given URL.</doc>
<arguments>
<arg>${url}</arg>
<arg>${browser}</arg>
</arguments>
<msg timestamp="20170710 20:17:41.568" level="INFO">Opening browser 'ff' to base url 'https://stage-ares.emersonecologics.com/'</msg>
<kw name="Capture Page Screenshot" library="Selenium2Library">
<doc>Takes a screenshot of the current page and embeds it into the log.</doc>
<msg timestamp="20170710 20:17:44.202" html="yes" level="INFO">&lt;/td&gt;&lt;/tr&gt;&lt;tr&gt;&lt;td colspan="3"&gt;&lt;a href="selenium-screenshot-6.png"&gt;&lt;img src="selenium-screenshot-6.png" width="800px"&gt;&lt;/a&gt;</msg>
<status status="PASS" endtime="20170710 20:17:44.202" starttime="20170710 20:17:43.632"></status>
</kw>
<msg timestamp="20170710 20:17:44.203" level="FAIL">WebDriverException: Message: Expected browser binary location, but unable to find binary in default location, no 'moz:firefoxOptions.binary' capability provided, and no binary flag set on the command line
</msg>
<status status="FAIL" endtime="20170710 20:17:44.204" starttime="20170710 20:17:41.568"></status>
</kw>
<status status="FAIL" endtime="20170710 20:17:44.223" starttime="20170710 20:17:41.567"></status>
</kw>
<status status="FAIL" endtime="20170710 20:17:44.223" starttime="20170710 20:17:41.567"></status>
</kw>
<tags>
<tag>UI</tag>
</tags>
<status status="FAIL" endtime="20170710 20:17:44.224" critical="yes" starttime="20170710 20:17:41.566">WebDriverException: Message: Expected browser binary location, but unable to find binary in default location, no 'moz:firefoxOptions.binary' capability provided, and no binary flag set on the command line
</status>
</test>
<doc>Suite for testing Patient Portal [Profile page]</doc>
<status status="FAIL" endtime="20170710 20:17:44.225" starttime="20170710 20:17:41.540"></status>
</suite>
<suite source="C:\Users\vivek.jha\workspace\Robot-Script\robot\testsuites\Smoke_TestSuite1 - Copy (6).txt" id="s1-s7" name="Smoke TestSuite1 - Copy (6)">
<test id="s1-s7-t1" name="Login section verification">
<kw name="Login To EE Portal" library="login_page">
<arguments>
<arg>jmeterprac7@mailinator.com</arg>
<arg>Test@1234</arg>
<arg>ff</arg>
</arguments>
<kw name="Open Browser Session" library="base_ui_keywords">
<arguments>
<arg>${ee_portal_url}</arg>
<arg>${browser1}</arg>
</arguments>
<kw name="Open Browser" library="Selenium2Library">
<doc>Opens a new browser instance to given URL.</doc>
<arguments>
<arg>${url}</arg>
<arg>${browser}</arg>
</arguments>
<msg timestamp="20170710 20:17:44.246" level="INFO">Opening browser 'ff' to base url 'https://stage-ares.emersonecologics.com/'</msg>
<kw name="Capture Page Screenshot" library="Selenium2Library">
<doc>Takes a screenshot of the current page and embeds it into the log.</doc>
<msg timestamp="20170710 20:17:46.909" html="yes" level="INFO">&lt;/td&gt;&lt;/tr&gt;&lt;tr&gt;&lt;td colspan="3"&gt;&lt;a href="selenium-screenshot-7.png"&gt;&lt;img src="selenium-screenshot-7.png" width="800px"&gt;&lt;/a&gt;</msg>
<status status="PASS" endtime="20170710 20:17:46.909" starttime="20170710 20:17:46.311"></status>
</kw>
<msg timestamp="20170710 20:17:46.910" level="FAIL">WebDriverException: Message: Expected browser binary location, but unable to find binary in default location, no 'moz:firefoxOptions.binary' capability provided, and no binary flag set on the command line
</msg>
<status status="FAIL" endtime="20170710 20:17:46.910" starttime="20170710 20:17:44.245"></status>
</kw>
<status status="FAIL" endtime="20170710 20:17:46.931" starttime="20170710 20:17:44.245"></status>
</kw>
<status status="FAIL" endtime="20170710 20:17:46.932" starttime="20170710 20:17:44.244"></status>
</kw>
<tags>
<tag>UI</tag>
</tags>
<status status="FAIL" endtime="20170710 20:17:46.932" critical="yes" starttime="20170710 20:17:44.244">WebDriverException: Message: Expected browser binary location, but unable to find binary in default location, no 'moz:firefoxOptions.binary' capability provided, and no binary flag set on the command line
</status>
</test>
<doc>Suite for testing Patient Portal [Profile page]</doc>
<status status="FAIL" endtime="20170710 20:17:46.934" starttime="20170710 20:17:44.228"></status>
</suite>
<suite source="C:\Users\vivek.jha\workspace\Robot-Script\robot\testsuites\Smoke_TestSuite1 - Copy (7).txt" id="s1-s8" name="Smoke TestSuite1 - Copy (7)">
<test id="s1-s8-t1" name="Login section verification">
<kw name="Login To EE Portal" library="login_page">
<arguments>
<arg>jmeterprac10@mailinator.com</arg>
<arg>Test@1234</arg>
<arg>ff</arg>
</arguments>
<kw name="Open Browser Session" library="base_ui_keywords">
<arguments>
<arg>${ee_portal_url}</arg>
<arg>${browser1}</arg>
</arguments>
<kw name="Open Browser" library="Selenium2Library">
<doc>Opens a new browser instance to given URL.</doc>
<arguments>
<arg>${url}</arg>
<arg>${browser}</arg>
</arguments>
<msg timestamp="20170710 20:17:46.994" level="INFO">Opening browser 'ff' to base url 'https://stage-ares.emersonecologics.com/'</msg>
<kw name="Capture Page Screenshot" library="Selenium2Library">
<doc>Takes a screenshot of the current page and embeds it into the log.</doc>
<msg timestamp="20170710 20:17:49.723" html="yes" level="INFO">&lt;/td&gt;&lt;/tr&gt;&lt;tr&gt;&lt;td colspan="3"&gt;&lt;a href="selenium-screenshot-8.png"&gt;&lt;img src="selenium-screenshot-8.png" width="800px"&gt;&lt;/a&gt;</msg>
<status status="PASS" endtime="20170710 20:17:49.725" starttime="20170710 20:17:49.078"></status>
</kw>
<msg timestamp="20170710 20:17:49.732" level="FAIL">WebDriverException: Message: Expected browser binary location, but unable to find binary in default location, no 'moz:firefoxOptions.binary' capability provided, and no binary flag set on the command line
</msg>
<status status="FAIL" endtime="20170710 20:17:49.734" starttime="20170710 20:17:46.994"></status>
</kw>
<status status="FAIL" endtime="20170710 20:17:49.750" starttime="20170710 20:17:46.993"></status>
</kw>
<status status="FAIL" endtime="20170710 20:17:49.751" starttime="20170710 20:17:46.993"></status>
</kw>
<tags>
<tag>UI</tag>
</tags>
<status status="FAIL" endtime="20170710 20:17:49.751" critical="yes" starttime="20170710 20:17:46.992">WebDriverException: Message: Expected browser binary location, but unable to find binary in default location, no 'moz:firefoxOptions.binary' capability provided, and no binary flag set on the command line
</status>
</test>
<doc>Suite for testing Patient Portal [Profile page]</doc>
<status status="FAIL" endtime="20170710 20:17:49.752" starttime="20170710 20:17:46.936"></status>
</suite>
<suite source="C:\Users\vivek.jha\workspace\Robot-Script\robot\testsuites\Smoke_TestSuite1 - Copy (8).txt" id="s1-s9" name="Smoke TestSuite1 - Copy (8)">
<test id="s1-s9-t1" name="Login section verification">
<kw name="Login To EE Portal" library="login_page">
<arguments>
<arg>jmeterprac9@mailinator.com</arg>
<arg>Test@1234</arg>
<arg>ff</arg>
</arguments>
<kw name="Open Browser Session" library="base_ui_keywords">
<arguments>
<arg>${ee_portal_url}</arg>
<arg>${browser1}</arg>
</arguments>
<kw name="Open Browser" library="Selenium2Library">
<doc>Opens a new browser instance to given URL.</doc>
<arguments>
<arg>${url}</arg>
<arg>${browser}</arg>
</arguments>
<msg timestamp="20170710 20:17:49.773" level="INFO">Opening browser 'ff' to base url 'https://stage-ares.emersonecologics.com/'</msg>
<kw name="Capture Page Screenshot" library="Selenium2Library">
<doc>Takes a screenshot of the current page and embeds it into the log.</doc>
<msg timestamp="20170710 20:17:52.530" html="yes" level="INFO">&lt;/td&gt;&lt;/tr&gt;&lt;tr&gt;&lt;td colspan="3"&gt;&lt;a href="selenium-screenshot-9.png"&gt;&lt;img src="selenium-screenshot-9.png" width="800px"&gt;&lt;/a&gt;</msg>
<status status="PASS" endtime="20170710 20:17:52.530" starttime="20170710 20:17:51.841"></status>
</kw>
<msg timestamp="20170710 20:17:52.531" level="FAIL">WebDriverException: Message: Expected browser binary location, but unable to find binary in default location, no 'moz:firefoxOptions.binary' capability provided, and no binary flag set on the command line
</msg>
<status status="FAIL" endtime="20170710 20:17:52.531" starttime="20170710 20:17:49.772"></status>
</kw>
<status status="FAIL" endtime="20170710 20:17:52.537" starttime="20170710 20:17:49.771"></status>
</kw>
<status status="FAIL" endtime="20170710 20:17:52.538" starttime="20170710 20:17:49.771"></status>
</kw>
<tags>
<tag>UI</tag>
</tags>
<status status="FAIL" endtime="20170710 20:17:52.538" critical="yes" starttime="20170710 20:17:49.769">WebDriverException: Message: Expected browser binary location, but unable to find binary in default location, no 'moz:firefoxOptions.binary' capability provided, and no binary flag set on the command line
</status>
</test>
<doc>Suite for testing Patient Portal [Profile page]</doc>
<status status="FAIL" endtime="20170710 20:17:52.538" starttime="20170710 20:17:49.753"></status>
</suite>
<suite source="C:\Users\vivek.jha\workspace\Robot-Script\robot\testsuites\Smoke_TestSuite1 - Copy (9).txt" id="s1-s10" name="Smoke TestSuite1 - Copy (9)">
<test id="s1-s10-t1" name="Login section verification">
<kw name="Login To EE Portal" library="login_page">
<arguments>
<arg>jmeterprac12@mailinator.com</arg>
<arg>Test@1234</arg>
<arg>ff</arg>
</arguments>
<kw name="Open Browser Session" library="base_ui_keywords">
<arguments>
<arg>${ee_portal_url}</arg>
<arg>${browser1}</arg>
</arguments>
<kw name="Open Browser" library="Selenium2Library">
<doc>Opens a new browser instance to given URL.</doc>
<arguments>
<arg>${url}</arg>
<arg>${browser}</arg>
</arguments>
<msg timestamp="20170710 20:17:52.556" level="INFO">Opening browser 'ff' to base url 'https://stage-ares.emersonecologics.com/'</msg>
<kw name="Capture Page Screenshot" library="Selenium2Library">
<doc>Takes a screenshot of the current page and embeds it into the log.</doc>
<msg timestamp="20170710 20:17:55.331" html="yes" level="INFO">&lt;/td&gt;&lt;/tr&gt;&lt;tr&gt;&lt;td colspan="3"&gt;&lt;a href="selenium-screenshot-10.png"&gt;&lt;img src="selenium-screenshot-10.png" width="800px"&gt;&lt;/a&gt;</msg>
<status status="PASS" endtime="20170710 20:17:55.332" starttime="20170710 20:17:54.617"></status>
</kw>
<msg timestamp="20170710 20:17:55.337" level="FAIL">WebDriverException: Message: Expected browser binary location, but unable to find binary in default location, no 'moz:firefoxOptions.binary' capability provided, and no binary flag set on the command line
</msg>
<status status="FAIL" endtime="20170710 20:17:55.338" starttime="20170710 20:17:52.556"></status>
</kw>
<status status="FAIL" endtime="20170710 20:17:55.349" starttime="20170710 20:17:52.555"></status>
</kw>
<status status="FAIL" endtime="20170710 20:17:55.350" starttime="20170710 20:17:52.555"></status>
</kw>
<tags>
<tag>UI</tag>
</tags>
<status status="FAIL" endtime="20170710 20:17:55.350" critical="yes" starttime="20170710 20:17:52.554">WebDriverException: Message: Expected browser binary location, but unable to find binary in default location, no 'moz:firefoxOptions.binary' capability provided, and no binary flag set on the command line
</status>
</test>
<doc>Suite for testing Patient Portal [Profile page]</doc>
<status status="FAIL" endtime="20170710 20:17:55.351" starttime="20170710 20:17:52.540"></status>
</suite>
<suite source="C:\Users\vivek.jha\workspace\Robot-Script\robot\testsuites\Smoke_TestSuite1 - Copy.txt" id="s1-s11" name="Smoke TestSuite1 - Copy">
<test id="s1-s11-t1" name="Login section verification">
<kw name="Login To EE Portal" library="login_page">
<arguments>
<arg>jmeterprac1@mailinator.com</arg>
<arg>Test@1234</arg>
<arg>ff</arg>
</arguments>
<kw name="Open Browser Session" library="base_ui_keywords">
<arguments>
<arg>${ee_portal_url}</arg>
<arg>${browser1}</arg>
</arguments>
<kw name="Open Browser" library="Selenium2Library">
<doc>Opens a new browser instance to given URL.</doc>
<arguments>
<arg>${url}</arg>
<arg>${browser}</arg>
</arguments>
<msg timestamp="20170710 20:17:55.370" level="INFO">Opening browser 'ff' to base url 'https://stage-ares.emersonecologics.com/'</msg>
<kw name="Capture Page Screenshot" library="Selenium2Library">
<doc>Takes a screenshot of the current page and embeds it into the log.</doc>
<msg timestamp="20170710 20:17:58.123" html="yes" level="INFO">&lt;/td&gt;&lt;/tr&gt;&lt;tr&gt;&lt;td colspan="3"&gt;&lt;a href="selenium-screenshot-11.png"&gt;&lt;img src="selenium-screenshot-11.png" width="800px"&gt;&lt;/a&gt;</msg>
<status status="PASS" endtime="20170710 20:17:58.123" starttime="20170710 20:17:57.432"></status>
</kw>
<msg timestamp="20170710 20:17:58.124" level="FAIL">WebDriverException: Message: Expected browser binary location, but unable to find binary in default location, no 'moz:firefoxOptions.binary' capability provided, and no binary flag set on the command line
</msg>
<status status="FAIL" endtime="20170710 20:17:58.124" starttime="20170710 20:17:55.370"></status>
</kw>
<status status="FAIL" endtime="20170710 20:17:58.132" starttime="20170710 20:17:55.369"></status>
</kw>
<status status="FAIL" endtime="20170710 20:17:58.132" starttime="20170710 20:17:55.369"></status>
</kw>
<tags>
<tag>UI</tag>
</tags>
<status status="FAIL" endtime="20170710 20:17:58.133" critical="yes" starttime="20170710 20:17:55.368">WebDriverException: Message: Expected browser binary location, but unable to find binary in default location, no 'moz:firefoxOptions.binary' capability provided, and no binary flag set on the command line
</status>
</test>
<doc>Suite for testing Patient Portal [Profile page]</doc>
<status status="FAIL" endtime="20170710 20:17:58.133" starttime="20170710 20:17:55.353"></status>
</suite>
<suite source="C:\Users\vivek.jha\workspace\Robot-Script\robot\testsuites\Smoke_TestSuite1.txt" id="s1-s12" name="Smoke TestSuite1">
<test id="s1-s12-t1" name="Login section verification">
<kw name="Login To EE Portal" library="login_page">
<arguments>
<arg>jmeterprac1@mailinator.com</arg>
<arg>Test@1234</arg>
<arg>ff</arg>
</arguments>
<kw name="Open Browser Session" library="base_ui_keywords">
<arguments>
<arg>${ee_portal_url}</arg>
<arg>${browser1}</arg>
</arguments>
<kw name="Open Browser" library="Selenium2Library">
<doc>Opens a new browser instance to given URL.</doc>
<arguments>
<arg>${url}</arg>
<arg>${browser}</arg>
</arguments>
<msg timestamp="20170710 20:17:58.162" level="INFO">Opening browser 'ff' to base url 'https://stage-ares.emersonecologics.com/'</msg>
<kw name="Capture Page Screenshot" library="Selenium2Library">
<doc>Takes a screenshot of the current page and embeds it into the log.</doc>
<msg timestamp="20170710 20:18:00.940" html="yes" level="INFO">&lt;/td&gt;&lt;/tr&gt;&lt;tr&gt;&lt;td colspan="3"&gt;&lt;a href="selenium-screenshot-12.png"&gt;&lt;img src="selenium-screenshot-12.png" width="800px"&gt;&lt;/a&gt;</msg>
<status status="PASS" endtime="20170710 20:18:00.940" starttime="20170710 20:18:00.229"></status>
</kw>
<msg timestamp="20170710 20:18:00.941" level="FAIL">WebDriverException: Message: Expected browser binary location, but unable to find binary in default location, no 'moz:firefoxOptions.binary' capability provided, and no binary flag set on the command line
</msg>
<status status="FAIL" endtime="20170710 20:18:00.941" starttime="20170710 20:17:58.161"></status>
</kw>
<status status="FAIL" endtime="20170710 20:18:00.951" starttime="20170710 20:17:58.161"></status>
</kw>
<status status="FAIL" endtime="20170710 20:18:00.953" starttime="20170710 20:17:58.160"></status>
</kw>
<tags>
<tag>UI</tag>
</tags>
<status status="FAIL" endtime="20170710 20:18:00.954" critical="yes" starttime="20170710 20:17:58.160">WebDriverException: Message: Expected browser binary location, but unable to find binary in default location, no 'moz:firefoxOptions.binary' capability provided, and no binary flag set on the command line
</status>
</test>
<doc>Suite for testing Patient Portal [Profile page]</doc>
<status status="FAIL" endtime="20170710 20:18:00.958" starttime="20170710 20:17:58.135"></status>
</suite>
<status status="FAIL" endtime="20170710 20:18:00.970" starttime="20170710 20:16:54.612"></status>
</suite>
<statistics>
<total>
<stat fail="12" pass="0">Critical Tests</stat>
<stat fail="12" pass="0">All Tests</stat>
</total>
<tag>
<stat fail="12" pass="0">UI</stat>
</tag>
<suite>
<stat fail="12" id="s1" name="Testsuites" pass="0">Testsuites</stat>
<stat fail="1" id="s1-s1" name="Smoke TestSuite" pass="0">Testsuites.Smoke TestSuite</stat>
<stat fail="1" id="s1-s2" name="Smoke TestSuite1 - Copy (10)" pass="0">Testsuites.Smoke TestSuite1 - Copy (10)</stat>
<stat fail="1" id="s1-s3" name="Smoke TestSuite1 - Copy (2)" pass="0">Testsuites.Smoke TestSuite1 - Copy (2)</stat>
<stat fail="1" id="s1-s4" name="Smoke TestSuite1 - Copy (3)" pass="0">Testsuites.Smoke TestSuite1 - Copy (3)</stat>
<stat fail="1" id="s1-s5" name="Smoke TestSuite1 - Copy (4)" pass="0">Testsuites.Smoke TestSuite1 - Copy (4)</stat>
<stat fail="1" id="s1-s6" name="Smoke TestSuite1 - Copy (5)" pass="0">Testsuites.Smoke TestSuite1 - Copy (5)</stat>
<stat fail="1" id="s1-s7" name="Smoke TestSuite1 - Copy (6)" pass="0">Testsuites.Smoke TestSuite1 - Copy (6)</stat>
<stat fail="1" id="s1-s8" name="Smoke TestSuite1 - Copy (7)" pass="0">Testsuites.Smoke TestSuite1 - Copy (7)</stat>
<stat fail="1" id="s1-s9" name="Smoke TestSuite1 - Copy (8)" pass="0">Testsuites.Smoke TestSuite1 - Copy (8)</stat>
<stat fail="1" id="s1-s10" name="Smoke TestSuite1 - Copy (9)" pass="0">Testsuites.Smoke TestSuite1 - Copy (9)</stat>
<stat fail="1" id="s1-s11" name="Smoke TestSuite1 - Copy" pass="0">Testsuites.Smoke TestSuite1 - Copy</stat>
<stat fail="1" id="s1-s12" name="Smoke TestSuite1" pass="0">Testsuites.Smoke TestSuite1</stat>
</suite>
</statistics>
<errors>
<msg timestamp="20170710 20:16:54.826" level="ERROR">Error in file 'C:\Users\vivek.jha\workspace\Robot-Script\robot\resources\dependencies.robot': Importing test library 'HttpLibrary.HTTP' failed: ImportError: No module named HttpLibrary
Traceback (most recent call last):
  None
PYTHONPATH:
  C:\Windows\SYSTEM32\python27.zip
  C:\Python27\DLLs
  C:\Python27\lib
  C:\Python27\lib\plat-win
  C:\Python27\lib\lib-tk
  C:\Python27
  C:\Python27\lib\site-packages</msg>
<msg timestamp="20170710 20:17:31.214" level="ERROR">Error in file 'C:\Users\vivek.jha\workspace\Robot-Script\robot\resources\dependencies.robot': Importing test library 'HttpLibrary.HTTP' failed: ImportError: No module named HttpLibrary
Traceback (most recent call last):
  None
PYTHONPATH:
  C:\Windows\SYSTEM32\python27.zip
  C:\Python27\DLLs
  C:\Python27\lib
  C:\Python27\lib\plat-win
  C:\Python27\lib\lib-tk
  C:\Python27
  C:\Python27\lib\site-packages</msg>
<msg timestamp="20170710 20:17:33.754" level="ERROR">Error in file 'C:\Users\vivek.jha\workspace\Robot-Script\robot\resources\dependencies.robot': Importing test library 'HttpLibrary.HTTP' failed: ImportError: No module named HttpLibrary
Traceback (most recent call last):
  None
PYTHONPATH:
  C:\Windows\SYSTEM32\python27.zip
  C:\Python27\DLLs
  C:\Python27\lib
  C:\Python27\lib\plat-win
  C:\Python27\lib\lib-tk
  C:\Python27
  C:\Python27\lib\site-packages</msg>
<msg timestamp="20170710 20:17:36.274" level="ERROR">Error in file 'C:\Users\vivek.jha\workspace\Robot-Script\robot\resources\dependencies.robot': Importing test library 'HttpLibrary.HTTP' failed: ImportError: No module named HttpLibrary
Traceback (most recent call last):
  None
PYTHONPATH:
  C:\Windows\SYSTEM32\python27.zip
  C:\Python27\DLLs
  C:\Python27\lib
  C:\Python27\lib\plat-win
  C:\Python27\lib\lib-tk
  C:\Python27
  C:\Python27\lib\site-packages</msg>
<msg timestamp="20170710 20:17:38.828" level="ERROR">Error in file 'C:\Users\vivek.jha\workspace\Robot-Script\robot\resources\dependencies.robot': Importing test library 'HttpLibrary.HTTP' failed: ImportError: No module named HttpLibrary
Traceback (most recent call last):
  None
PYTHONPATH:
  C:\Windows\SYSTEM32\python27.zip
  C:\Python27\DLLs
  C:\Python27\lib
  C:\Python27\lib\plat-win
  C:\Python27\lib\lib-tk
  C:\Python27
  C:\Python27\lib\site-packages</msg>
<msg timestamp="20170710 20:17:41.550" level="ERROR">Error in file 'C:\Users\vivek.jha\workspace\Robot-Script\robot\resources\dependencies.robot': Importing test library 'HttpLibrary.HTTP' failed: ImportError: No module named HttpLibrary
Traceback (most recent call last):
  None
PYTHONPATH:
  C:\Windows\SYSTEM32\python27.zip
  C:\Python27\DLLs
  C:\Python27\lib
  C:\Python27\lib\plat-win
  C:\Python27\lib\lib-tk
  C:\Python27
  C:\Python27\lib\site-packages</msg>
<msg timestamp="20170710 20:17:44.236" level="ERROR">Error in file 'C:\Users\vivek.jha\workspace\Robot-Script\robot\resources\dependencies.robot': Importing test library 'HttpLibrary.HTTP' failed: ImportError: No module named HttpLibrary
Traceback (most recent call last):
  None
PYTHONPATH:
  C:\Windows\SYSTEM32\python27.zip
  C:\Python27\DLLs
  C:\Python27\lib
  C:\Python27\lib\plat-win
  C:\Python27\lib\lib-tk
  C:\Python27
  C:\Python27\lib\site-packages</msg>
<msg timestamp="20170710 20:17:46.978" level="ERROR">Error in file 'C:\Users\vivek.jha\workspace\Robot-Script\robot\resources\dependencies.robot': Importing test library 'HttpLibrary.HTTP' failed: ImportError: No module named HttpLibrary
Traceback (most recent call last):
  None
PYTHONPATH:
  C:\Windows\SYSTEM32\python27.zip
  C:\Python27\DLLs
  C:\Python27\lib
  C:\Python27\lib\plat-win
  C:\Python27\lib\lib-tk
  C:\Python27
  C:\Python27\lib\site-packages</msg>
<msg timestamp="20170710 20:17:49.761" level="ERROR">Error in file 'C:\Users\vivek.jha\workspace\Robot-Script\robot\resources\dependencies.robot': Importing test library 'HttpLibrary.HTTP' failed: ImportError: No module named HttpLibrary
Traceback (most recent call last):
  None
PYTHONPATH:
  C:\Windows\SYSTEM32\python27.zip
  C:\Python27\DLLs
  C:\Python27\lib
  C:\Python27\lib\plat-win
  C:\Python27\lib\lib-tk
  C:\Python27
  C:\Python27\lib\site-packages</msg>
<msg timestamp="20170710 20:17:52.546" level="ERROR">Error in file 'C:\Users\vivek.jha\workspace\Robot-Script\robot\resources\dependencies.robot': Importing test library 'HttpLibrary.HTTP' failed: ImportError: No module named HttpLibrary
Traceback (most recent call last):
  None
PYTHONPATH:
  C:\Windows\SYSTEM32\python27.zip
  C:\Python27\DLLs
  C:\Python27\lib
  C:\Python27\lib\plat-win
  C:\Python27\lib\lib-tk
  C:\Python27
  C:\Python27\lib\site-packages</msg>
<msg timestamp="20170710 20:17:55.359" level="ERROR">Error in file 'C:\Users\vivek.jha\workspace\Robot-Script\robot\resources\dependencies.robot': Importing test library 'HttpLibrary.HTTP' failed: ImportError: No module named HttpLibrary
Traceback (most recent call last):
  None
PYTHONPATH:
  C:\Windows\SYSTEM32\python27.zip
  C:\Python27\DLLs
  C:\Python27\lib
  C:\Python27\lib\plat-win
  C:\Python27\lib\lib-tk
  C:\Python27
  C:\Python27\lib\site-packages</msg>
<msg timestamp="20170710 20:17:58.151" level="ERROR">Error in file 'C:\Users\vivek.jha\workspace\Robot-Script\robot\resources\dependencies.robot': Importing test library 'HttpLibrary.HTTP' failed: ImportError: No module named HttpLibrary
Traceback (most recent call last):
  None
PYTHONPATH:
  C:\Windows\SYSTEM32\python27.zip
  C:\Python27\DLLs
  C:\Python27\lib
  C:\Python27\lib\plat-win
  C:\Python27\lib\lib-tk
  C:\Python27
  C:\Python27\lib\site-packages</msg>
</errors>
</robot>
